<?xml version='1.0' encoding='UTF-8'?>
<testsuite hostname="DESKTOP-QQOJVH3" name="Zad02FlatSpec" tests="5" errors="0" failures="2" skipped="0" time="0.061" timestamp="2022-06-18T18:25:45">
          <properties>
[...]
</properties>
          <testcase classname="Zad02FlatSpec" name="For non-positive len and/or shift argument values the function should throw the IllegalArgumentException" time="0.02">
                      
                    </testcase><testcase classname="Zad02FlatSpec" name="For empty list and positive values of len and shift the result should be empty" time="0.037">
                      <failure message="List(List()) did not equal List()" type="org.scalatest.exceptions.TestFailedException">org.scalatest.exceptions.TestFailedException: List(List()) did not equal List()
	at org.scalatest.Assertions.newAssertionFailedException(Assertions.scala:476)
	at org.scalatest.Assertions.newAssertionFailedException$(Assertions.scala:421)
	at org.scalatest.Assertions$.newAssertionFailedException(Assertions.scala:1385)
	at org.scalatest.Assertions$AssertionsHelper.macroAssert(Assertions.scala:1460)
	at Zad02FlatSpec.testFun$proxy2$1(Zad02.scala:34)
	at Zad02FlatSpec.$init$$$anonfun$2(Zad02.scala:33)
	at org.scalatest.Transformer.apply$$anonfun$1(Transformer.scala:22)
	at org.scalatest.OutcomeOf.outcomeOf(OutcomeOf.scala:85)
	at org.scalatest.OutcomeOf.outcomeOf$(OutcomeOf.scala:31)
	at org.scalatest.OutcomeOf$.outcomeOf(OutcomeOf.scala:104)
	at org.scalatest.Transformer.apply(Transformer.scala:22)
	at org.scalatest.Transformer.apply(Transformer.scala:21)
	at org.scalatest.flatspec.AnyFlatSpecLike$$anon$4.apply(AnyFlatSpecLike.scala:1697)
	at org.scalatest.TestSuite.withFixture(TestSuite.scala:196)
	at org.scalatest.TestSuite.withFixture$(TestSuite.scala:138)
	at org.scalatest.flatspec.AnyFlatSpec.withFixture(AnyFlatSpec.scala:1685)
	at org.scalatest.flatspec.AnyFlatSpecLike.invokeWithFixture$1(AnyFlatSpecLike.scala:1703)
	at org.scalatest.flatspec.AnyFlatSpecLike.runTest$$anonfun$1(AnyFlatSpecLike.scala:1707)
	at org.scalatest.SuperEngine.runTestImpl(Engine.scala:306)
	at org.scalatest.flatspec.AnyFlatSpecLike.runTest(AnyFlatSpecLike.scala:1707)
	at org.scalatest.flatspec.AnyFlatSpecLike.runTest$(AnyFlatSpecLike.scala:51)
	at org.scalatest.flatspec.AnyFlatSpec.runTest(AnyFlatSpec.scala:1685)
	at org.scalatest.flatspec.AnyFlatSpecLike.runTests$$anonfun$1(AnyFlatSpecLike.scala:1765)
	at org.scalatest.SuperEngine.traverseSubNodes$2$$anonfun$1(Engine.scala:413)
	at scala.runtime.function.JProcedure1.apply(JProcedure1.java:15)
	at scala.runtime.function.JProcedure1.apply(JProcedure1.java:10)
	at scala.collection.immutable.List.foreach(List.scala:333)
	at org.scalatest.SuperEngine.traverseSubNodes$1(Engine.scala:429)
	at org.scalatest.SuperEngine.runTestsInBranch(Engine.scala:390)
	at org.scalatest.SuperEngine.traverseSubNodes$2$$anonfun$1(Engine.scala:427)
	at scala.runtime.function.JProcedure1.apply(JProcedure1.java:15)
	at scala.runtime.function.JProcedure1.apply(JProcedure1.java:10)
	at scala.collection.immutable.List.foreach(List.scala:333)
	at org.scalatest.SuperEngine.traverseSubNodes$1(Engine.scala:429)
	at org.scalatest.SuperEngine.runTestsInBranch(Engine.scala:396)
	at org.scalatest.SuperEngine.runTestsImpl(Engine.scala:475)
	at org.scalatest.flatspec.AnyFlatSpecLike.runTests(AnyFlatSpecLike.scala:1765)
	at org.scalatest.flatspec.AnyFlatSpecLike.runTests$(AnyFlatSpecLike.scala:51)
	at org.scalatest.flatspec.AnyFlatSpec.runTests(AnyFlatSpec.scala:1685)
	at org.scalatest.Suite.run(Suite.scala:1114)
	at org.scalatest.Suite.run$(Suite.scala:564)
	at org.scalatest.flatspec.AnyFlatSpec.org$scalatest$flatspec$AnyFlatSpecLike$$super$run(AnyFlatSpec.scala:1685)
	at org.scalatest.flatspec.AnyFlatSpecLike.run$$anonfun$1(AnyFlatSpecLike.scala:1810)
	at org.scalatest.SuperEngine.runImpl(Engine.scala:535)
	at org.scalatest.flatspec.AnyFlatSpecLike.run(AnyFlatSpecLike.scala:1810)
	at org.scalatest.flatspec.AnyFlatSpecLike.run$(AnyFlatSpecLike.scala:51)
	at org.scalatest.flatspec.AnyFlatSpec.run(AnyFlatSpec.scala:1685)
	at org.scalatest.tools.Framework.org$scalatest$tools$Framework$$runSuite(Framework.scala:321)
	at org.scalatest.tools.Framework$ScalaTestTask.execute(Framework.scala:516)
	at sbt.TestRunner.runTest$1(TestFramework.scala:146)
	at sbt.TestRunner.run(TestFramework.scala:161)
	at sbt.TestFramework$$anon$3$$anonfun$$lessinit$greater$1.$anonfun$apply$1(TestFramework.scala:324)
	at sbt.TestFramework$.sbt$TestFramework$$withContextLoader(TestFramework.scala:284)
	at sbt.TestFramework$$anon$3$$anonfun$$lessinit$greater$1.apply(TestFramework.scala:324)
	at sbt.TestFramework$$anon$3$$anonfun$$lessinit$greater$1.apply(TestFramework.scala:324)
	at sbt.TestFunction.apply(TestFramework.scala:336)
	at sbt.Tests$.$anonfun$toTask$1(Tests.scala:435)
	at sbt.std.Transform$$anon$3.$anonfun$apply$2(Transform.scala:46)
	at sbt.std.Transform$$anon$4.work(Transform.scala:68)
	at sbt.Execute.$anonfun$submit$2(Execute.scala:282)
	at sbt.internal.util.ErrorHandling$.wideConvert(ErrorHandling.scala:23)
	at sbt.Execute.work(Execute.scala:291)
	at sbt.Execute.$anonfun$submit$1(Execute.scala:282)
	at sbt.ConcurrentRestrictions$$anon$4.$anonfun$submitValid$1(ConcurrentRestrictions.scala:265)
	at sbt.CompletionService$$anon$2.call(CompletionService.scala:64)
	at java.util.concurrent.FutureTask.run(FutureTask.java:266)
	at java.util.concurrent.Executors$RunnableAdapter.call(Executors.java:511)
	at java.util.concurrent.FutureTask.run(FutureTask.java:266)
	at java.util.concurrent.ThreadPoolExecutor.runWorker(ThreadPoolExecutor.java:1149)
	at java.util.concurrent.ThreadPoolExecutor$Worker.run(ThreadPoolExecutor.java:624)
	at java.lang.Thread.run(Thread.java:748)
</failure>
                    </testcase><testcase classname="Zad02FlatSpec" name="Examples provided with the exercise should return expected results" time="0.001">
                      <failure message="List(List(1, 2, 3), List(4, 5)) did not equal List(List(1, 2, 3), List(2, 3, 4), List(3, 4, 5))" type="org.scalatest.exceptions.TestFailedException">org.scalatest.exceptions.TestFailedException: List(List(1, 2, 3), List(4, 5)) did not equal List(List(1, 2, 3), List(2, 3, 4), List(3, 4, 5))
	at org.scalatest.Assertions.newAssertionFailedException(Assertions.scala:476)
	at org.scalatest.Assertions.newAssertionFailedException$(Assertions.scala:421)
	at org.scalatest.Assertions$.newAssertionFailedException(Assertions.scala:1385)
	at org.scalatest.Assertions$AssertionsHelper.macroAssert(Assertions.scala:1460)
	at Zad02FlatSpec.testFun$proxy3$1(Zad02.scala:39)
	at Zad02FlatSpec.$init$$$anonfun$3(Zad02.scala:37)
	at org.scalatest.Transformer.apply$$anonfun$1(Transformer.scala:22)
	at org.scalatest.OutcomeOf.outcomeOf(OutcomeOf.scala:85)
	at org.scalatest.OutcomeOf.outcomeOf$(OutcomeOf.scala:31)
	at org.scalatest.OutcomeOf$.outcomeOf(OutcomeOf.scala:104)
	at org.scalatest.Transformer.apply(Transformer.scala:22)
	at org.scalatest.Transformer.apply(Transformer.scala:21)
	at org.scalatest.flatspec.AnyFlatSpecLike$$anon$4.apply(AnyFlatSpecLike.scala:1697)
	at org.scalatest.TestSuite.withFixture(TestSuite.scala:196)
	at org.scalatest.TestSuite.withFixture$(TestSuite.scala:138)
	at org.scalatest.flatspec.AnyFlatSpec.withFixture(AnyFlatSpec.scala:1685)
	at org.scalatest.flatspec.AnyFlatSpecLike.invokeWithFixture$1(AnyFlatSpecLike.scala:1703)
	at org.scalatest.flatspec.AnyFlatSpecLike.runTest$$anonfun$1(AnyFlatSpecLike.scala:1707)
	at org.scalatest.SuperEngine.runTestImpl(Engine.scala:306)
	at org.scalatest.flatspec.AnyFlatSpecLike.runTest(AnyFlatSpecLike.scala:1707)
	at org.scalatest.flatspec.AnyFlatSpecLike.runTest$(AnyFlatSpecLike.scala:51)
	at org.scalatest.flatspec.AnyFlatSpec.runTest(AnyFlatSpec.scala:1685)
	at org.scalatest.flatspec.AnyFlatSpecLike.runTests$$anonfun$1(AnyFlatSpecLike.scala:1765)
	at org.scalatest.SuperEngine.traverseSubNodes$2$$anonfun$1(Engine.scala:413)
	at scala.runtime.function.JProcedure1.apply(JProcedure1.java:15)
	at scala.runtime.function.JProcedure1.apply(JProcedure1.java:10)
	at scala.collection.immutable.List.foreach(List.scala:333)
	at org.scalatest.SuperEngine.traverseSubNodes$1(Engine.scala:429)
	at org.scalatest.SuperEngine.runTestsInBranch(Engine.scala:390)
	at org.scalatest.SuperEngine.traverseSubNodes$2$$anonfun$1(Engine.scala:427)
	at scala.runtime.function.JProcedure1.apply(JProcedure1.java:15)
	at scala.runtime.function.JProcedure1.apply(JProcedure1.java:10)
	at scala.collection.immutable.List.foreach(List.scala:333)
	at org.scalatest.SuperEngine.traverseSubNodes$1(Engine.scala:429)
	at org.scalatest.SuperEngine.runTestsInBranch(Engine.scala:396)
	at org.scalatest.SuperEngine.runTestsImpl(Engine.scala:475)
	at org.scalatest.flatspec.AnyFlatSpecLike.runTests(AnyFlatSpecLike.scala:1765)
	at org.scalatest.flatspec.AnyFlatSpecLike.runTests$(AnyFlatSpecLike.scala:51)
	at org.scalatest.flatspec.AnyFlatSpec.runTests(AnyFlatSpec.scala:1685)
	at org.scalatest.Suite.run(Suite.scala:1114)
	at org.scalatest.Suite.run$(Suite.scala:564)
	at org.scalatest.flatspec.AnyFlatSpec.org$scalatest$flatspec$AnyFlatSpecLike$$super$run(AnyFlatSpec.scala:1685)
	at org.scalatest.flatspec.AnyFlatSpecLike.run$$anonfun$1(AnyFlatSpecLike.scala:1810)
	at org.scalatest.SuperEngine.runImpl(Engine.scala:535)
	at org.scalatest.flatspec.AnyFlatSpecLike.run(AnyFlatSpecLike.scala:1810)
	at org.scalatest.flatspec.AnyFlatSpecLike.run$(AnyFlatSpecLike.scala:51)
	at org.scalatest.flatspec.AnyFlatSpec.run(AnyFlatSpec.scala:1685)
	at org.scalatest.tools.Framework.org$scalatest$tools$Framework$$runSuite(Framework.scala:321)
	at org.scalatest.tools.Framework$ScalaTestTask.execute(Framework.scala:516)
	at sbt.TestRunner.runTest$1(TestFramework.scala:146)
	at sbt.TestRunner.run(TestFramework.scala:161)
	at sbt.TestFramework$$anon$3$$anonfun$$lessinit$greater$1.$anonfun$apply$1(TestFramework.scala:324)
	at sbt.TestFramework$.sbt$TestFramework$$withContextLoader(TestFramework.scala:284)
	at sbt.TestFramework$$anon$3$$anonfun$$lessinit$greater$1.apply(TestFramework.scala:324)
	at sbt.TestFramework$$anon$3$$anonfun$$lessinit$greater$1.apply(TestFramework.scala:324)
	at sbt.TestFunction.apply(TestFramework.scala:336)
	at sbt.Tests$.$anonfun$toTask$1(Tests.scala:435)
	at sbt.std.Transform$$anon$3.$anonfun$apply$2(Transform.scala:46)
	at sbt.std.Transform$$anon$4.work(Transform.scala:68)
	at sbt.Execute.$anonfun$submit$2(Execute.scala:282)
	at sbt.internal.util.ErrorHandling$.wideConvert(ErrorHandling.scala:23)
	at sbt.Execute.work(Execute.scala:291)
	at sbt.Execute.$anonfun$submit$1(Execute.scala:282)
	at sbt.ConcurrentRestrictions$$anon$4.$anonfun$submitValid$1(ConcurrentRestrictions.scala:265)
	at sbt.CompletionService$$anon$2.call(CompletionService.scala:64)
	at java.util.concurrent.FutureTask.run(FutureTask.java:266)
	at java.util.concurrent.Executors$RunnableAdapter.call(Executors.java:511)
	at java.util.concurrent.FutureTask.run(FutureTask.java:266)
	at java.util.concurrent.ThreadPoolExecutor.runWorker(ThreadPoolExecutor.java:1149)
	at java.util.concurrent.ThreadPoolExecutor$Worker.run(ThreadPoolExecutor.java:624)
	at java.lang.Thread.run(Thread.java:748)
</failure>
                    </testcase><testcase classname="Zad02FlatSpec" name="For len &gt;= list.length and any positive shift the value of group(list)(len, shift) should equal List(list)" time="0.001">
                      
                    </testcase><testcase classname="Zad02FlatSpec" name="The value of group(list)(1, 1) should equal list.map(a =&gt; List(a))" time="0.002">
                      
                    </testcase>
          <system-out><![CDATA[]]></system-out>
          <system-err><![CDATA[]]></system-err>
        </testsuite>